<?xml version="1.0" encoding="UTF-8"?>
<!-- Generated by org.testng.reporters.JUnitXMLReporter -->
<testsuite ignored="0" hostname="apples-MBP.lan" failures="0" tests="2" name="Default test" time="31.321" errors="0" timestamp="2025-06-15T17:31:21 IST">
  <testcase classname="amazon_package.AmazonProject.TC_2_AmzLoginWithValidCredentials" name="loginWithValidCredentials" time="8.51"/>
  <testcase classname="amazon_package.AmazonProject.TC_2_AmzLoginWithValidCredentials" name="loginWithValidCredentials" time="6.74"/>
</testsuite> <!-- Default test -->
