<?xml version="1.0" encoding="UTF-8"?>
<!-- Generated by org.testng.reporters.JUnitXMLReporter -->
<testsuite ignored="0" hostname="apples-MBP.lan" failures="0" tests="2" name="Integration Test" time="63.118" errors="0" timestamp="2025-06-06T11:48:39 IST">
  <testcase classname="amazon_package.AmazonProject.TC_1_AmzLoginAndLogout" name="loginAndLogout" time="10.327"/>
  <testcase classname="amazon_package.AmazonProject.TC_1_AmzAddToCart" name="searchProduct" time="18.806"/>
</testsuite> <!-- Integration Test -->
