<?xml version="1.0" encoding="UTF-8"?>
<!-- Generated by org.testng.reporters.JUnitXMLReporter -->
<testsuite ignored="0" hostname="apples-MBP.lan" failures="0" tests="3" name="Test" time="32.07" errors="0" timestamp="2025-06-19T22:35:02 IST">
  <testcase classname="amazon_package.AmazonProject.TC_2_AmzLoginWithValidCredentials" name="loginWithValidCredentials" time="5.523"/>
  <testcase classname="amazon_package.AmazonProject.TC_2_AmzLoginWithValidCredentials" name="loginWithValidCredentials" time="7.454"/>
  <testcase classname="amazon_package.AmazonProject.TC_3_AmzLoginWithInvalidEmail" name="loginWithInvalidEmail" time="2.101"/>
</testsuite> <!-- Test -->
