<?xml version="1.0" encoding="UTF-8"?>
<testsuite xmlns:xsi="http://www.w3.org/2001/XMLSchema-instance" xsi:noNamespaceSchemaLocation="https://maven.apache.org/surefire/maven-surefire-plugin/xsd/surefire-test-report.xsd" version="3.0.2" name="TestSuite" time="32.451" tests="3" errors="0" skipped="0" failures="0">
  <properties>
[...]
</properties>
  <testcase name="loginWithValidCredentials[balikaaher85@gmail.com, bsw@150797](1)" classname="amazon_package.AmazonProject.TC_2_AmzLoginWithValidCredentials" time="5.523">
    <system-err><![CDATA[SLF4J: Failed to load class "org.slf4j.impl.StaticLoggerBinder".
SLF4J: Defaulting to no-operation (NOP) logger implementation
SLF4J: See http://www.slf4j.org/codes.html#StaticLoggerBinder for further details.
ERROR StatusLogger Log4j2 could not find a logging implementation. Please add log4j-core to the classpath. Using SimpleLogger to log to the console...
Jun 19, 2025 10:34:32 PM org.openqa.selenium.devtools.CdpVersionFinder findNearestMatch
WARNING: Unable to find an exact match for CDP version 137, returning the closest version; found: 136; Please update to a Selenium version that supports CDP version 137
]]></system-err>
  </testcase>
  <testcase name="loginWithValidCredentials[8767172289, bsw@150797](2)" classname="amazon_package.AmazonProject.TC_2_AmzLoginWithValidCredentials" time="7.454">
    <system-err><![CDATA[Jun 19, 2025 10:34:44 PM org.openqa.selenium.devtools.CdpVersionFinder findNearestMatch
WARNING: Unable to find an exact match for CDP version 137, returning the closest version; found: 136; Please update to a Selenium version that supports CDP version 137
]]></system-err>
  </testcase>
  <testcase name="loginWithInvalidEmail" classname="amazon_package.AmazonProject.TC_3_AmzLoginWithInvalidEmail" time="2.101">
    <system-err><![CDATA[Jun 19, 2025 10:34:56 PM org.openqa.selenium.devtools.CdpVersionFinder findNearestMatch
WARNING: Unable to find an exact match for CDP version 137, returning the closest version; found: 136; Please update to a Selenium version that supports CDP version 137
]]></system-err>
  </testcase>
</testsuite>