<?xml version="1.0" encoding="UTF-8"?>
<testng-results ignored="0" total="3" passed="3" failed="0" skipped="0">
  <reporter-output>
  </reporter-output>
  <suite started-at="2025-06-19T22:34:30 IST" name="Suite" finished-at="2025-06-19T22:35:02 IST" duration-ms="32070">
    <groups>
    </groups>
    <test started-at="2025-06-19T22:34:30 IST" name="Test" finished-at="2025-06-19T22:35:02 IST" duration-ms="32070">
      <class name="amazon_package.AmazonProject.TC_3_AmzLoginWithInvalidEmail">
        <test-method is-config="true" signature="launchUrl()[pri:0, instance:amazon_package.AmazonProject.TC_3_AmzLoginWithInvalidEmail@670002]" started-at="2025-06-19T22:34:55 IST" name="launchUrl" finished-at="2025-06-19T22:35:00 IST" duration-ms="5294" status="PASS">
          <reporter-output>
          </reporter-output>
        </test-method> <!-- launchUrl -->
        <test-method signature="loginWithInvalidEmail()[pri:0, instance:amazon_package.AmazonProject.TC_3_AmzLoginWithInvalidEmail@670002]" started-at="2025-06-19T22:35:00 IST" name="loginWithInvalidEmail" finished-at="2025-06-19T22:35:02 IST" duration-ms="2101" status="PASS">
          <reporter-output>
          </reporter-output>
        </test-method> <!-- loginWithInvalidEmail -->
      </class> <!-- amazon_package.AmazonProject.TC_3_AmzLoginWithInvalidEmail -->
      <class name="amazon_package.AmazonProject.TC_2_AmzLoginWithValidCredentials">
        <test-method is-config="true" signature="launchUrl()[pri:0, instance:amazon_package.AmazonProject.TC_2_AmzLoginWithValidCredentials@124c278f]" started-at="2025-06-19T22:34:31 IST" name="launchUrl" finished-at="2025-06-19T22:34:37 IST" duration-ms="6646" status="PASS">
          <reporter-output>
          </reporter-output>
        </test-method> <!-- launchUrl -->
        <test-method signature="loginWithValidCredentials(java.lang.String,java.lang.String)[pri:0, instance:amazon_package.AmazonProject.TC_2_AmzLoginWithValidCredentials@124c278f]" started-at="2025-06-19T22:34:37 IST" name="loginWithValidCredentials" data-provider="amzLoginTestData" finished-at="2025-06-19T22:34:43 IST" duration-ms="5523" status="PASS">
          <params>
            <param index="0">
              <value>
                <![CDATA[balikaaher85@gmail.com]]>
              </value>
            </param>
            <param index="1">
              <value>
                <![CDATA[bsw@150797]]>
              </value>
            </param>
          </params>
          <reporter-output>
          </reporter-output>
        </test-method> <!-- loginWithValidCredentials -->
        <test-method is-config="true" signature="launchUrl()[pri:0, instance:amazon_package.AmazonProject.TC_2_AmzLoginWithValidCredentials@124c278f]" started-at="2025-06-19T22:34:43 IST" name="launchUrl" finished-at="2025-06-19T22:34:47 IST" duration-ms="4508" status="PASS">
          <reporter-output>
          </reporter-output>
        </test-method> <!-- launchUrl -->
        <test-method signature="loginWithValidCredentials(java.lang.String,java.lang.String)[pri:0, instance:amazon_package.AmazonProject.TC_2_AmzLoginWithValidCredentials@124c278f]" started-at="2025-06-19T22:34:47 IST" name="loginWithValidCredentials" data-provider="amzLoginTestData" finished-at="2025-06-19T22:34:55 IST" duration-ms="7454" status="PASS">
          <params>
            <param index="0">
              <value>
                <![CDATA[8767172289]]>
              </value>
            </param>
            <param index="1">
              <value>
                <![CDATA[bsw@150797]]>
              </value>
            </param>
          </params>
          <reporter-output>
          </reporter-output>
        </test-method> <!-- loginWithValidCredentials -->
      </class> <!-- amazon_package.AmazonProject.TC_2_AmzLoginWithValidCredentials -->
    </test> <!-- Test -->
  </suite> <!-- Suite -->
</testng-results>
