<?xml version="1.0" encoding="UTF-8"?>
<testng-results ignored="0" total="2" passed="2" failed="0" skipped="0">
  <reporter-output>
  </reporter-output>
  <suite started-at="2025-06-15T17:30:50 IST" name="Default suite" finished-at="2025-06-15T17:31:21 IST" duration-ms="31321">
    <groups>
    </groups>
    <test started-at="2025-06-15T17:30:50 IST" name="Default test" finished-at="2025-06-15T17:31:21 IST" duration-ms="31321">
      <class name="amazon_package.AmazonProject.TC_2_AmzLoginWithValidCredentials">
        <test-method is-config="true" signature="launchUrl()[pri:0, instance:amazon_package.AmazonProject.TC_2_AmzLoginWithValidCredentials@36bc55de]" started-at="2025-06-15T17:30:51 IST" name="launchUrl" finished-at="2025-06-15T17:30:57 IST" duration-ms="5534" status="PASS">
          <reporter-output>
          </reporter-output>
        </test-method> <!-- launchUrl -->
        <test-method signature="loginWithValidCredentials(java.lang.String,java.lang.String)[pri:0, instance:amazon_package.AmazonProject.TC_2_AmzLoginWithValidCredentials@36bc55de]" started-at="2025-06-15T17:30:57 IST" name="loginWithValidCredentials" data-provider="amzLoginTestData" finished-at="2025-06-15T17:31:05 IST" duration-ms="8510" status="PASS">
          <params>
            <param index="0">
              <value>
                <![CDATA[balikaaher85@gmail.com]]>
              </value>
            </param>
            <param index="1">
              <value>
                <![CDATA[bsw@150797]]>
              </value>
            </param>
          </params>
          <reporter-output>
          </reporter-output>
        </test-method> <!-- loginWithValidCredentials -->
        <test-method is-config="true" signature="launchUrl()[pri:0, instance:amazon_package.AmazonProject.TC_2_AmzLoginWithValidCredentials@36bc55de]" started-at="2025-06-15T17:31:05 IST" name="launchUrl" finished-at="2025-06-15T17:31:15 IST" duration-ms="9571" status="PASS">
          <reporter-output>
          </reporter-output>
        </test-method> <!-- launchUrl -->
        <test-method signature="loginWithValidCredentials(java.lang.String,java.lang.String)[pri:0, instance:amazon_package.AmazonProject.TC_2_AmzLoginWithValidCredentials@36bc55de]" started-at="2025-06-15T17:31:15 IST" name="loginWithValidCredentials" data-provider="amzLoginTestData" finished-at="2025-06-15T17:31:21 IST" duration-ms="6740" status="PASS">
          <params>
            <param index="0">
              <value>
                <![CDATA[8767172289]]>
              </value>
            </param>
            <param index="1">
              <value>
                <![CDATA[bsw@150797]]>
              </value>
            </param>
          </params>
          <reporter-output>
          </reporter-output>
        </test-method> <!-- loginWithValidCredentials -->
      </class> <!-- amazon_package.AmazonProject.TC_2_AmzLoginWithValidCredentials -->
    </test> <!-- Default test -->
  </suite> <!-- Default suite -->
</testng-results>
